INFO:  2022-02-23 12:53:50,777 - sparkmonitorkernel - 49490 - MainProcess -         140560774776640 - MainThread
 Starting Kernel Extension 

INFO:  2022-02-23 12:53:50,779 - sparkmonitorkernel - 49490 - MainProcess -         140560774776640 - MainThread
 Socket Listening on port 50913 

INFO:  2022-02-23 12:53:50,779 - sparkmonitorkernel - 49490 - MainProcess -         140551066101504 - Thread-7
 Starting socket thread, going to accept 

INFO:  2022-02-23 12:53:50,780 - sparkmonitorkernel - 49490 - MainProcess -         140560774776640 - MainThread
 50913 

INFO:  2022-02-23 12:53:50,780 - sparkmonitorkernel - 49490 - MainProcess -         140560774776640 - MainThread
 Adding jar from /opt/conda/lib/python3.9/site-packages/sparkmonitor/listener.jar  

INFO:  2022-02-23 12:53:51,170 - sparkmonitorkernel - 49495 - MainProcess -         140578746120000 - MainThread
 COMM OPENED MESSAGE: 
 {'header': {'date': datetime.datetime(2022, 2, 23, 11, 53, 51, 150000, tzinfo=tzutc()), 'msg_id': '5602c281-138f-4af4-9afd-5fb3c81eda18', 'msg_type': 'comm_open', 'session': 'e134acef-6a40-4333-96a7-541b80570290', 'username': '', 'version': '5.2'}, 'msg_id': '5602c281-138f-4af4-9afd-5fb3c81eda18', 'msg_type': 'comm_open', 'parent_header': {}, 'metadata': {}, 'content': {'comm_id': 'e93083c9-5bb1-4aaa-89ce-af8e7be5c118', 'target_name': 'SparkMonitor', 'data': {'msgtype': 'openfromfrontend'}}, 'buffers': []} 
 

INFO:  2022-02-23 12:53:51,177 - sparkmonitorkernel - 49495 - MainProcess -         140578746120000 - MainThread
 COMM OPENED MESSAGE: 
 {'header': {'date': datetime.datetime(2022, 2, 23, 11, 53, 51, 150000, tzinfo=tzutc()), 'msg_id': '5f0d1e5e-595c-475a-b04c-def99d3640e4', 'msg_type': 'comm_open', 'session': 'e134acef-6a40-4333-96a7-541b80570290', 'username': '', 'version': '5.2'}, 'msg_id': '5f0d1e5e-595c-475a-b04c-def99d3640e4', 'msg_type': 'comm_open', 'parent_header': {}, 'metadata': {}, 'content': {'comm_id': '7341e4c1-511a-4bb2-8607-f20a1f3b4fed', 'target_name': 'SparkMonitor', 'data': {'msgtype': 'openfromfrontend'}}, 'buffers': []} 
 ININFO:  2022-02-23 12:59:03,532 - sparkmonitorkernel - 49496 - MainProcess -         140059582752576 - MainThread
 COMM OPENED MESSAGE: 
 {'header': {'date': datetime.datetime(2022, 2, 23, 11, 59, 3, 515000, tzinfo=tzutc()), 'msg_id': '2753f243-36f1-46ad-96ec-f323fb0a63ab', 'msg_type': 'comm_open', 'session': '40e8bce4-58f2-44a6-88b2-2c2f4661fd0b', 'username': '', 'version': '5.2'}, 'msg_id': '2753f243-36f1-46ad-96ec-f323fb0a63ab', 'msg_type': 'comm_open', 'parent_header': {}, 'metadata': {}, 'content': {'comm_id': 'e00d627f-b41f-41fc-8d7a-dfe6a6417198', 'target_name': 'SparkMonitor', 'data': {'msgtype': 'openfromfrontend'}}, 'buffers': []} 
 

INFO:  2022-02-23 12:59:03,536 - sparkmonitorkernel - 49496 - MainProcess -         140059582752576 - MainThread
 COMM OPENED MESSAGE: 
 {'header': {'date': datetime.datetime(2022, 2, 23, 11, 59, 3, 515000, tzinfo=tzutc()), 'msg_id': '8c02353f-790a-4d30-bf76-3e454d9b548b', 'msg_type': 'comm_open', 'session': '40e8bce4-58f2-44a6-88b2-2c2f4661fd0b', 'username': '', 'version': '5.2'}, 'msg_id': '8c02353f-790a-4d30-bf76-3e454d9b548b', 'msg_type': 'comm_open', 'parent_header': {}, 'metadata': {}, 'content': {'comm_id': '90a73427-00b0-473d-8ae2-b1a1249fa158', 'target_name': 'SparkMonitor', 'data': {'msgtype': 'openfromfrontend'}}, 'buffers': []} 
 



